Started GET "/pages/balancer" for ::1 at 2017-02-27 21:58:40 -0500
Processing by PagesController#balancer as HTML
  Rendering pages/balancer.html.haml within layouts/application
  Rendered pages/balancer.html.haml within layouts/application (35.0ms)
Completed   in 31522ms (ActiveRecord: 0.0ms)


Started GET "/" for ::1 at 2017-02-27 22:05:56 -0500
Processing by PagesController#balancer as HTML
  Rendering pages/balancer.html.haml within layouts/application
  Rendered pages/balancer.html.haml within layouts/application (13.0ms)
Started GET "/" for ::1 at 2017-02-27 22:06:21 -0500
Processing by PagesController#balancer as HTML
  Rendering pages/balancer.html.haml within layouts/application
  Rendered pages/balancer.html.haml within layouts/application (3.5ms)
Completed 200 OK in 57342ms (Views: 57256.6ms | ActiveRecord: 0.0ms)


Started GET "/" for ::1 at 2017-02-27 22:07:30 -0500
Processing by PagesController#balancer as HTML
  Rendering pages/balancer.html.haml within layouts/application
  Rendered pages/balancer.html.haml within layouts/application (6.0ms)
Completed 500 Internal Server Error in 70439ms (ActiveRecord: 0.0ms)


  
ActionView::Template::Error (can't add a new key into hash during iteration):
    3:   %head
    4:     %title Balancer
    5:     = csrf_meta_tags
    6:     = stylesheet_link_tag    'application', media: 'all', 'data-turbolinks-track': 'reload'
    7:     = javascript_include_tag 'application', 'data-turbolinks-track': 'reload'
    8:   %body
    9:     = yield
  
app/views/layouts/application.html.haml:6:in `_app_views_layouts_application_html_haml__352513071_44121900'
Completed 200 OK in 1256ms (Views: 1198.1ms | ActiveRecord: 0.0ms)


  Rendering C:/Ruby23/lib/ruby/gems/2.3.0/gems/actionpack-5.0.1/lib/action_dispatch/middleware/templates/rescues/template_error.html.erb within rescues/layout
  Rendering C:/Ruby23/lib/ruby/gems/2.3.0/gems/actionpack-5.0.1/lib/action_dispatch/middleware/templates/rescues/_source.html.erb
  Rendered C:/Ruby23/lib/ruby/gems/2.3.0/gems/actionpack-5.0.1/lib/action_dispatch/middleware/templates/rescues/_source.html.erb (46.5ms)
  Rendering C:/Ruby23/lib/ruby/gems/2.3.0/gems/actionpack-5.0.1/lib/action_dispatch/middleware/templates/rescues/_trace.html.erb
  Rendered C:/Ruby23/lib/ruby/gems/2.3.0/gems/actionpack-5.0.1/lib/action_dispatch/middleware/templates/rescues/_trace.html.erb (8.0ms)
  Rendering C:/Ruby23/lib/ruby/gems/2.3.0/gems/actionpack-5.0.1/lib/action_dispatch/middleware/templates/rescues/_request_and_response.html.erb
  Rendered C:/Ruby23/lib/ruby/gems/2.3.0/gems/actionpack-5.0.1/lib/action_dispatch/middleware/templates/rescues/_request_and_response.html.erb (2.5ms)
  Rendered C:/Ruby23/lib/ruby/gems/2.3.0/gems/actionpack-5.0.1/lib/action_dispatch/middleware/templates/rescues/template_error.html.erb within rescues/layout (3810.7ms)
Started GET "/" for ::1 at 2017-02-27 22:18:39 -0500
Processing by PagesController#balancer as HTML
  Rendering pages/balancer.html.haml within layouts/application
  Rendered pages/balancer.html.haml within layouts/application (12.5ms)
Completed 500 Internal Server Error in 279ms (ActiveRecord: 0.0ms)


  
ActionView::Template::Error (You don't need to use "- end" in Haml. Un-indent to close a block:
- if foo?
  %strong Foo!
- else
  Not foo.
%p This line is un-indented, so it isn't part of the "if" block):
    1: .jumbotron This is a chemical equation balancer
    2: - if 1 < 2
    3: .p Hello
    4: - end
  
app/views/pages/balancer.html.haml:4
  Rendering C:/Ruby23/lib/ruby/gems/2.3.0/gems/actionpack-5.0.1/lib/action_dispatch/middleware/templates/rescues/template_error.html.erb within rescues/layout
  Rendering C:/Ruby23/lib/ruby/gems/2.3.0/gems/actionpack-5.0.1/lib/action_dispatch/middleware/templates/rescues/_source.html.erb
  Rendered C:/Ruby23/lib/ruby/gems/2.3.0/gems/actionpack-5.0.1/lib/action_dispatch/middleware/templates/rescues/_source.html.erb (14.5ms)
  Rendering C:/Ruby23/lib/ruby/gems/2.3.0/gems/actionpack-5.0.1/lib/action_dispatch/middleware/templates/rescues/_trace.html.erb
  Rendered C:/Ruby23/lib/ruby/gems/2.3.0/gems/actionpack-5.0.1/lib/action_dispatch/middleware/templates/rescues/_trace.html.erb (6.0ms)
  Rendering C:/Ruby23/lib/ruby/gems/2.3.0/gems/actionpack-5.0.1/lib/action_dispatch/middleware/templates/rescues/_request_and_response.html.erb
  Rendered C:/Ruby23/lib/ruby/gems/2.3.0/gems/actionpack-5.0.1/lib/action_dispatch/middleware/templates/rescues/_request_and_response.html.erb (3.0ms)
  Rendered C:/Ruby23/lib/ruby/gems/2.3.0/gems/actionpack-5.0.1/lib/action_dispatch/middleware/templates/rescues/template_error.html.erb within rescues/layout (2781.3ms)
Started GET "/" for 127.0.0.1 at 2017-02-27 22:18:47 -0500
Processing by PagesController#balancer as HTML
  Rendering pages/balancer.html.haml within layouts/application
  Rendered pages/balancer.html.haml within layouts/application (3.5ms)
Completed 500 Internal Server Error in 2400ms (ActiveRecord: 0.0ms)


  
ActionView::Template::Error (You don't need to use "- end" in Haml. Un-indent to close a block:
- if foo?
  %strong Foo!
- else
  Not foo.
%p This line is un-indented, so it isn't part of the "if" block):
    1: .jumbotron This is a chemical equation balancer
    2: - if 1 < 2
    3: .p Hello
    4: - end
  
app/views/pages/balancer.html.haml:4
  Rendering C:/Ruby23/lib/ruby/gems/2.3.0/gems/actionpack-5.0.1/lib/action_dispatch/middleware/templates/rescues/template_error.html.erb within rescues/layout
  Rendering C:/Ruby23/lib/ruby/gems/2.3.0/gems/actionpack-5.0.1/lib/action_dispatch/middleware/templates/rescues/_source.html.erb
  Rendered C:/Ruby23/lib/ruby/gems/2.3.0/gems/actionpack-5.0.1/lib/action_dispatch/middleware/templates/rescues/_source.html.erb (15.0ms)
Started GET "/" for ::1 at 2017-02-27 22:18:55 -0500
  Rendering C:/Ruby23/lib/ruby/gems/2.3.0/gems/actionpack-5.0.1/lib/action_dispatch/middleware/templates/rescues/_trace.html.erb
Processing by PagesController#balancer as HTML
  Rendered C:/Ruby23/lib/ruby/gems/2.3.0/gems/actionpack-5.0.1/lib/action_dispatch/middleware/templates/rescues/_trace.html.erb (7.5ms)
  Rendering C:/Ruby23/lib/ruby/gems/2.3.0/gems/actionpack-5.0.1/lib/action_dispatch/middleware/templates/rescues/_request_and_response.html.erb
  Rendering pages/balancer.html.haml within layouts/application
  Rendered C:/Ruby23/lib/ruby/gems/2.3.0/gems/actionpack-5.0.1/lib/action_dispatch/middleware/templates/rescues/_request_and_response.html.erb (3.0ms)
  Rendered pages/balancer.html.haml within layouts/application (2.5ms)
  Rendered C:/Ruby23/lib/ruby/gems/2.3.0/gems/actionpack-5.0.1/lib/action_dispatch/middleware/templates/rescues/template_error.html.erb within rescues/layout (3339.2ms)
Completed 500 Internal Server Error in 1289ms (ActiveRecord: 0.0ms)


  
ActionView::Template::Error (You don't need to use "- end" in Haml. Un-indent to close a block:
- if foo?
  %strong Foo!
- else
  Not foo.
%p This line is un-indented, so it isn't part of the "if" block):
    1: .jumbotron This is a chemical equation balancer
    2: - if 1 < 2
    3: .p Hello
    4: - end
  
app/views/pages/balancer.html.haml:4
  Rendering C:/Ruby23/lib/ruby/gems/2.3.0/gems/actionpack-5.0.1/lib/action_dispatch/middleware/templates/rescues/template_error.html.erb within rescues/layout
  Rendering C:/Ruby23/lib/ruby/gems/2.3.0/gems/actionpack-5.0.1/lib/action_dispatch/middleware/templates/rescues/_source.html.erb
  Rendered C:/Ruby23/lib/ruby/gems/2.3.0/gems/actionpack-5.0.1/lib/action_dispatch/middleware/templates/rescues/_source.html.erb (16.0ms)
  Rendering C:/Ruby23/lib/ruby/gems/2.3.0/gems/actionpack-5.0.1/lib/action_dispatch/middleware/templates/rescues/_trace.html.erb
  Rendered C:/Ruby23/lib/ruby/gems/2.3.0/gems/actionpack-5.0.1/lib/action_dispatch/middleware/templates/rescues/_trace.html.erb (7.5ms)
  Rendering C:/Ruby23/lib/ruby/gems/2.3.0/gems/actionpack-5.0.1/lib/action_dispatch/middleware/templates/rescues/_request_and_response.html.erb
  Rendered C:/Ruby23/lib/ruby/gems/2.3.0/gems/actionpack-5.0.1/lib/action_dispatch/middleware/templates/rescues/_request_and_response.html.erb (3.0ms)
  Rendered C:/Ruby23/lib/ruby/gems/2.3.0/gems/actionpack-5.0.1/lib/action_dispatch/middleware/templates/rescues/template_error.html.erb within rescues/layout (2756.5ms)
Started GET "/" for 127.0.0.1 at 2017-02-27 22:19:40 -0500
Processing by PagesController#balancer as HTML
  Rendering pages/balancer.html.haml within layouts/application
  Rendered pages/balancer.html.haml within layouts/application (3.5ms)
Completed 200 OK in 2465ms (Views: 2400.6ms | ActiveRecord: 0.0ms)


Started GET "/" for ::1 at 2017-02-27 22:20:08 -0500
Processing by PagesController#balancer as HTML
  Rendering pages/balancer.html.haml within layouts/application
  Rendered pages/balancer.html.haml within layouts/application (2.0ms)
Completed 200 OK in 1747ms (Views: 1588.0ms | ActiveRecord: 0.0ms)


Started GET "/" for ::1 at 2017-02-27 22:23:26 -0500
Processing by PagesController#balancer as HTML
  Rendering pages/balancer.html.haml within layouts/application
  Rendered pages/balancer.html.haml within layouts/application (5.5ms)
Completed 200 OK in 931ms (Views: 850.4ms | ActiveRecord: 0.0ms)


Started GET "/" for 127.0.0.1 at 2017-02-27 22:37:57 -0500
Processing by PagesController#balancer as HTML
  Rendering pages/balancer.html.haml within layouts/application
  Rendered pages/balancer.html.haml within layouts/application (3.5ms)
Completed 200 OK in 776ms (Views: 707.8ms | ActiveRecord: 0.0ms)


Started GET "/" for 127.0.0.1 at 2017-02-27 22:38:10 -0500
Processing by PagesController#balancer as HTML
  Rendering pages/balancer.html.haml within layouts/application
  Rendered pages/balancer.html.haml within layouts/application (4.0ms)
Completed 200 OK in 872ms (Views: 798.8ms | ActiveRecord: 0.0ms)


Started GET "/" for 127.0.0.1 at 2017-02-27 22:38:14 -0500
Processing by PagesController#balancer as HTML
  Rendering pages/balancer.html.haml within layouts/application
  Rendered pages/balancer.html.haml within layouts/application (5.0ms)
Completed 200 OK in 769ms (Views: 696.3ms | ActiveRecord: 0.0ms)


Started GET "/" for 127.0.0.1 at 2017-02-27 22:39:16 -0500
Processing by PagesController#balancer as HTML
  Rendering pages/balancer.html.haml within layouts/application
  Rendered pages/balancer.html.haml within layouts/application (3.0ms)
Completed 200 OK in 911ms (Views: 850.2ms | ActiveRecord: 0.0ms)


Started GET "/" for 127.0.0.1 at 2017-02-27 22:39:30 -0500
Processing by PagesController#balancer as HTML
  Rendering pages/balancer.html.haml within layouts/application
  Rendered pages/balancer.html.haml within layouts/application (4.5ms)
Completed 200 OK in 768ms (Views: 706.5ms | ActiveRecord: 0.0ms)


Started GET "/" for 127.0.0.1 at 2017-02-27 22:42:36 -0500
Processing by PagesController#balancer as HTML
  Rendering pages/balancer.html.haml within layouts/application
  Rendered pages/balancer.html.haml within layouts/application (3.0ms)
Completed 200 OK in 795ms (Views: 728.6ms | ActiveRecord: 0.0ms)


Started GET "/" for 127.0.0.1 at 2017-02-27 22:42:52 -0500
Processing by PagesController#balancer as HTML
  Rendering pages/balancer.html.haml within layouts/application
  Rendered pages/balancer.html.haml within layouts/application (4.0ms)
Completed 200 OK in 734ms (Views: 672.9ms | ActiveRecord: 0.0ms)


Started GET "/" for 127.0.0.1 at 2017-02-27 22:43:01 -0500
Processing by PagesController#balancer as HTML
  Rendering pages/balancer.html.haml within layouts/application
  Rendered pages/balancer.html.haml within layouts/application (3.0ms)
Completed 200 OK in 748ms (Views: 687.5ms | ActiveRecord: 0.0ms)


Started GET "/" for 127.0.0.1 at 2017-02-27 22:43:09 -0500
Processing by PagesController#balancer as HTML
  Rendering pages/balancer.html.haml within layouts/application
  Rendered pages/balancer.html.haml within layouts/application (4.0ms)
Completed 200 OK in 764ms (Views: 704.9ms | ActiveRecord: 0.0ms)


Started GET "/" for 127.0.0.1 at 2017-02-27 22:43:36 -0500
Processing by PagesController#balancer as HTML
  Rendering pages/balancer.html.haml within layouts/application
  Rendered pages/balancer.html.haml within layouts/application (3.0ms)
Completed 200 OK in 757ms (Views: 696.8ms | ActiveRecord: 0.0ms)


Started GET "/" for 127.0.0.1 at 2017-02-27 22:43:43 -0500
Processing by PagesController#balancer as HTML
  Rendering pages/balancer.html.haml within layouts/application
  Rendered pages/balancer.html.haml within layouts/application (3.5ms)
Completed 200 OK in 902ms (Views: 844.8ms | ActiveRecord: 0.0ms)


Started GET "/" for 127.0.0.1 at 2017-02-27 22:48:36 -0500
Processing by PagesController#balancer as HTML
  Rendering pages/balancer.html.haml within layouts/application
  Rendered pages/balancer.html.haml within layouts/application (10.0ms)
Completed 200 OK in 777ms (Views: 710.7ms | ActiveRecord: 0.0ms)


Started GET "/" for 127.0.0.1 at 2017-02-27 22:48:48 -0500
Processing by PagesController#balancer as HTML
  Rendering pages/balancer.html.haml within layouts/application
  Rendered pages/balancer.html.haml within layouts/application (7.0ms)
Completed 200 OK in 772ms (Views: 708.9ms | ActiveRecord: 0.0ms)


Started GET "/" for 127.0.0.1 at 2017-02-27 22:48:54 -0500
Processing by PagesController#balancer as HTML
  Rendering pages/balancer.html.haml within layouts/application
  Rendered pages/balancer.html.haml within layouts/application (7.0ms)
Completed 200 OK in 810ms (Views: 743.1ms | ActiveRecord: 0.0ms)


Started GET "/" for 127.0.0.1 at 2017-02-27 22:49:07 -0500
Processing by PagesController#balancer as HTML
  Rendering pages/balancer.html.haml within layouts/application
  Rendered pages/balancer.html.haml within layouts/application (7.5ms)
Completed 200 OK in 799ms (Views: 733.5ms | ActiveRecord: 0.0ms)


Started GET "/" for 127.0.0.1 at 2017-02-27 22:50:38 -0500
Processing by PagesController#balancer as HTML
  Rendering pages/balancer.html.haml within layouts/application
  Rendered pages/balancer.html.haml within layouts/application (7.0ms)
Completed 200 OK in 757ms (Views: 700.3ms | ActiveRecord: 0.0ms)


Started POST "/" for 127.0.0.1 at 2017-02-27 22:50:44 -0500
  
ActionController::RoutingError (No route matches [POST] "/"):
  
actionpack (5.0.1) lib/action_dispatch/middleware/debug_exceptions.rb:53:in `call'
web-console (3.4.0) lib/web_console/middleware.rb:135:in `call_app'
web-console (3.4.0) lib/web_console/middleware.rb:28:in `block in call'
web-console (3.4.0) lib/web_console/middleware.rb:18:in `catch'
web-console (3.4.0) lib/web_console/middleware.rb:18:in `call'
actionpack (5.0.1) lib/action_dispatch/middleware/show_exceptions.rb:31:in `call'
railties (5.0.1) lib/rails/rack/logger.rb:36:in `call_app'
railties (5.0.1) lib/rails/rack/logger.rb:24:in `block in call'
activesupport (5.0.1) lib/active_support/tagged_logging.rb:69:in `block in tagged'
activesupport (5.0.1) lib/active_support/tagged_logging.rb:26:in `tagged'
activesupport (5.0.1) lib/active_support/tagged_logging.rb:69:in `tagged'
railties (5.0.1) lib/rails/rack/logger.rb:24:in `call'
sprockets-rails (3.2.0) lib/sprockets/rails/quiet_assets.rb:13:in `call'
actionpack (5.0.1) lib/action_dispatch/middleware/request_id.rb:24:in `call'
rack (2.0.1) lib/rack/method_override.rb:22:in `call'
rack (2.0.1) lib/rack/runtime.rb:22:in `call'
activesupport (5.0.1) lib/active_support/cache/strategy/local_cache_middleware.rb:28:in `call'
actionpack (5.0.1) lib/action_dispatch/middleware/executor.rb:12:in `call'
actionpack (5.0.1) lib/action_dispatch/middleware/static.rb:136:in `call'
rack (2.0.1) lib/rack/sendfile.rb:111:in `call'
railties (5.0.1) lib/rails/engine.rb:522:in `call'
puma (3.7.1) lib/puma/configuration.rb:232:in `call'
puma (3.7.1) lib/puma/server.rb:578:in `handle_request'
puma (3.7.1) lib/puma/server.rb:415:in `process_client'
puma (3.7.1) lib/puma/server.rb:275:in `block in run'
puma (3.7.1) lib/puma/thread_pool.rb:120:in `block in spawn_thread'
  Rendering C:/Ruby23/lib/ruby/gems/2.3.0/gems/actionpack-5.0.1/lib/action_dispatch/middleware/templates/rescues/routing_error.html.erb within rescues/layout
  Rendering C:/Ruby23/lib/ruby/gems/2.3.0/gems/actionpack-5.0.1/lib/action_dispatch/middleware/templates/rescues/_trace.html.erb
  Rendered C:/Ruby23/lib/ruby/gems/2.3.0/gems/actionpack-5.0.1/lib/action_dispatch/middleware/templates/rescues/_trace.html.erb (3.5ms)
  Rendered collection of C:/Ruby23/lib/ruby/gems/2.3.0/gems/actionpack-5.0.1/lib/action_dispatch/middleware/templates/routes/_route.html.erb [1 times] (73.7ms)
  Rendered C:/Ruby23/lib/ruby/gems/2.3.0/gems/actionpack-5.0.1/lib/action_dispatch/middleware/templates/routes/_table.html.erb (185.2ms)
  Rendering C:/Ruby23/lib/ruby/gems/2.3.0/gems/actionpack-5.0.1/lib/action_dispatch/middleware/templates/rescues/_request_and_response.html.erb
  Rendered C:/Ruby23/lib/ruby/gems/2.3.0/gems/actionpack-5.0.1/lib/action_dispatch/middleware/templates/rescues/_request_and_response.html.erb (5.0ms)
  Rendered C:/Ruby23/lib/ruby/gems/2.3.0/gems/actionpack-5.0.1/lib/action_dispatch/middleware/templates/rescues/routing_error.html.erb within rescues/layout (3933.2ms)
Started POST "/" for 127.0.0.1 at 2017-02-27 22:54:59 -0500
  
ActionController::RoutingError (No route matches [POST] "/"):
  
actionpack (5.0.1) lib/action_dispatch/middleware/debug_exceptions.rb:53:in `call'
web-console (3.4.0) lib/web_console/middleware.rb:135:in `call_app'
web-console (3.4.0) lib/web_console/middleware.rb:28:in `block in call'
web-console (3.4.0) lib/web_console/middleware.rb:18:in `catch'
web-console (3.4.0) lib/web_console/middleware.rb:18:in `call'
actionpack (5.0.1) lib/action_dispatch/middleware/show_exceptions.rb:31:in `call'
railties (5.0.1) lib/rails/rack/logger.rb:36:in `call_app'
railties (5.0.1) lib/rails/rack/logger.rb:24:in `block in call'
activesupport (5.0.1) lib/active_support/tagged_logging.rb:69:in `block in tagged'
activesupport (5.0.1) lib/active_support/tagged_logging.rb:26:in `tagged'
activesupport (5.0.1) lib/active_support/tagged_logging.rb:69:in `tagged'
railties (5.0.1) lib/rails/rack/logger.rb:24:in `call'
sprockets-rails (3.2.0) lib/sprockets/rails/quiet_assets.rb:13:in `call'
actionpack (5.0.1) lib/action_dispatch/middleware/request_id.rb:24:in `call'
rack (2.0.1) lib/rack/method_override.rb:22:in `call'
rack (2.0.1) lib/rack/runtime.rb:22:in `call'
activesupport (5.0.1) lib/active_support/cache/strategy/local_cache_middleware.rb:28:in `call'
actionpack (5.0.1) lib/action_dispatch/middleware/executor.rb:12:in `call'
actionpack (5.0.1) lib/action_dispatch/middleware/static.rb:136:in `call'
rack (2.0.1) lib/rack/sendfile.rb:111:in `call'
railties (5.0.1) lib/rails/engine.rb:522:in `call'
puma (3.7.1) lib/puma/configuration.rb:232:in `call'
puma (3.7.1) lib/puma/server.rb:578:in `handle_request'
puma (3.7.1) lib/puma/server.rb:415:in `process_client'
puma (3.7.1) lib/puma/server.rb:275:in `block in run'
puma (3.7.1) lib/puma/thread_pool.rb:120:in `block in spawn_thread'
  Rendering C:/Ruby23/lib/ruby/gems/2.3.0/gems/actionpack-5.0.1/lib/action_dispatch/middleware/templates/rescues/routing_error.html.erb within rescues/layout
  Rendering C:/Ruby23/lib/ruby/gems/2.3.0/gems/actionpack-5.0.1/lib/action_dispatch/middleware/templates/rescues/_trace.html.erb
  Rendered C:/Ruby23/lib/ruby/gems/2.3.0/gems/actionpack-5.0.1/lib/action_dispatch/middleware/templates/rescues/_trace.html.erb (7.5ms)
  Rendered collection of C:/Ruby23/lib/ruby/gems/2.3.0/gems/actionpack-5.0.1/lib/action_dispatch/middleware/templates/routes/_route.html.erb [1 times] (2.0ms)
  Rendered C:/Ruby23/lib/ruby/gems/2.3.0/gems/actionpack-5.0.1/lib/action_dispatch/middleware/templates/routes/_table.html.erb (3.5ms)
  Rendering C:/Ruby23/lib/ruby/gems/2.3.0/gems/actionpack-5.0.1/lib/action_dispatch/middleware/templates/rescues/_request_and_response.html.erb
  Rendered C:/Ruby23/lib/ruby/gems/2.3.0/gems/actionpack-5.0.1/lib/action_dispatch/middleware/templates/rescues/_request_and_response.html.erb (3.5ms)
  Rendered C:/Ruby23/lib/ruby/gems/2.3.0/gems/actionpack-5.0.1/lib/action_dispatch/middleware/templates/rescues/routing_error.html.erb within rescues/layout (3584.2ms)
Started GET "/" for 127.0.0.1 at 2017-02-27 22:55:17 -0500
Processing by PagesController#balancer as HTML
  Rendering pages/balancer.html.haml within layouts/application
  Rendered pages/balancer.html.haml within layouts/application (6.5ms)
Completed 200 OK in 760ms (Views: 702.6ms | ActiveRecord: 0.0ms)


Started POST "/pages/balancer" for 127.0.0.1 at 2017-02-27 22:55:23 -0500
  
ActionController::RoutingError (No route matches [POST] "/pages/balancer"):
  
actionpack (5.0.1) lib/action_dispatch/middleware/debug_exceptions.rb:53:in `call'
web-console (3.4.0) lib/web_console/middleware.rb:135:in `call_app'
web-console (3.4.0) lib/web_console/middleware.rb:28:in `block in call'
web-console (3.4.0) lib/web_console/middleware.rb:18:in `catch'
web-console (3.4.0) lib/web_console/middleware.rb:18:in `call'
actionpack (5.0.1) lib/action_dispatch/middleware/show_exceptions.rb:31:in `call'
railties (5.0.1) lib/rails/rack/logger.rb:36:in `call_app'
railties (5.0.1) lib/rails/rack/logger.rb:24:in `block in call'
activesupport (5.0.1) lib/active_support/tagged_logging.rb:69:in `block in tagged'
activesupport (5.0.1) lib/active_support/tagged_logging.rb:26:in `tagged'
activesupport (5.0.1) lib/active_support/tagged_logging.rb:69:in `tagged'
railties (5.0.1) lib/rails/rack/logger.rb:24:in `call'
sprockets-rails (3.2.0) lib/sprockets/rails/quiet_assets.rb:13:in `call'
actionpack (5.0.1) lib/action_dispatch/middleware/request_id.rb:24:in `call'
rack (2.0.1) lib/rack/method_override.rb:22:in `call'
rack (2.0.1) lib/rack/runtime.rb:22:in `call'
activesupport (5.0.1) lib/active_support/cache/strategy/local_cache_middleware.rb:28:in `call'
actionpack (5.0.1) lib/action_dispatch/middleware/executor.rb:12:in `call'
actionpack (5.0.1) lib/action_dispatch/middleware/static.rb:136:in `call'
rack (2.0.1) lib/rack/sendfile.rb:111:in `call'
railties (5.0.1) lib/rails/engine.rb:522:in `call'
puma (3.7.1) lib/puma/configuration.rb:232:in `call'
puma (3.7.1) lib/puma/server.rb:578:in `handle_request'
puma (3.7.1) lib/puma/server.rb:415:in `process_client'
puma (3.7.1) lib/puma/server.rb:275:in `block in run'
puma (3.7.1) lib/puma/thread_pool.rb:120:in `block in spawn_thread'
  Rendering C:/Ruby23/lib/ruby/gems/2.3.0/gems/actionpack-5.0.1/lib/action_dispatch/middleware/templates/rescues/routing_error.html.erb within rescues/layout
  Rendering C:/Ruby23/lib/ruby/gems/2.3.0/gems/actionpack-5.0.1/lib/action_dispatch/middleware/templates/rescues/_trace.html.erb
  Rendered C:/Ruby23/lib/ruby/gems/2.3.0/gems/actionpack-5.0.1/lib/action_dispatch/middleware/templates/rescues/_trace.html.erb (4.0ms)
  Rendered collection of C:/Ruby23/lib/ruby/gems/2.3.0/gems/actionpack-5.0.1/lib/action_dispatch/middleware/templates/routes/_route.html.erb [1 times] (2.5ms)
  Rendered C:/Ruby23/lib/ruby/gems/2.3.0/gems/actionpack-5.0.1/lib/action_dispatch/middleware/templates/routes/_table.html.erb (3.5ms)
  Rendering C:/Ruby23/lib/ruby/gems/2.3.0/gems/actionpack-5.0.1/lib/action_dispatch/middleware/templates/rescues/_request_and_response.html.erb
  Rendered C:/Ruby23/lib/ruby/gems/2.3.0/gems/actionpack-5.0.1/lib/action_dispatch/middleware/templates/rescues/_request_and_response.html.erb (9.5ms)
  Rendered C:/Ruby23/lib/ruby/gems/2.3.0/gems/actionpack-5.0.1/lib/action_dispatch/middleware/templates/rescues/routing_error.html.erb within rescues/layout (3684.2ms)
Started GET "/" for 127.0.0.1 at 2017-02-27 22:58:53 -0500
Processing by PagesController#balancer as HTML
  Rendering pages/balancer.html.haml within layouts/application
  Rendered pages/balancer.html.haml within layouts/application (6.0ms)
Completed 200 OK in 795ms (Views: 736.7ms | ActiveRecord: 0.0ms)


Started POST "/" for 127.0.0.1 at 2017-02-27 22:59:00 -0500
  
ActionController::RoutingError (No route matches [POST] "/"):
  
actionpack (5.0.1) lib/action_dispatch/middleware/debug_exceptions.rb:53:in `call'
web-console (3.4.0) lib/web_console/middleware.rb:135:in `call_app'
web-console (3.4.0) lib/web_console/middleware.rb:28:in `block in call'
web-console (3.4.0) lib/web_console/middleware.rb:18:in `catch'
web-console (3.4.0) lib/web_console/middleware.rb:18:in `call'
actionpack (5.0.1) lib/action_dispatch/middleware/show_exceptions.rb:31:in `call'
railties (5.0.1) lib/rails/rack/logger.rb:36:in `call_app'
railties (5.0.1) lib/rails/rack/logger.rb:24:in `block in call'
activesupport (5.0.1) lib/active_support/tagged_logging.rb:69:in `block in tagged'
activesupport (5.0.1) lib/active_support/tagged_logging.rb:26:in `tagged'
activesupport (5.0.1) lib/active_support/tagged_logging.rb:69:in `tagged'
railties (5.0.1) lib/rails/rack/logger.rb:24:in `call'
sprockets-rails (3.2.0) lib/sprockets/rails/quiet_assets.rb:13:in `call'
actionpack (5.0.1) lib/action_dispatch/middleware/request_id.rb:24:in `call'
rack (2.0.1) lib/rack/method_override.rb:22:in `call'
rack (2.0.1) lib/rack/runtime.rb:22:in `call'
activesupport (5.0.1) lib/active_support/cache/strategy/local_cache_middleware.rb:28:in `call'
actionpack (5.0.1) lib/action_dispatch/middleware/executor.rb:12:in `call'
actionpack (5.0.1) lib/action_dispatch/middleware/static.rb:136:in `call'
rack (2.0.1) lib/rack/sendfile.rb:111:in `call'
railties (5.0.1) lib/rails/engine.rb:522:in `call'
puma (3.7.1) lib/puma/configuration.rb:232:in `call'
puma (3.7.1) lib/puma/server.rb:578:in `handle_request'
puma (3.7.1) lib/puma/server.rb:415:in `process_client'
puma (3.7.1) lib/puma/server.rb:275:in `block in run'
puma (3.7.1) lib/puma/thread_pool.rb:120:in `block in spawn_thread'
  Rendering C:/Ruby23/lib/ruby/gems/2.3.0/gems/actionpack-5.0.1/lib/action_dispatch/middleware/templates/rescues/routing_error.html.erb within rescues/layout
  Rendering C:/Ruby23/lib/ruby/gems/2.3.0/gems/actionpack-5.0.1/lib/action_dispatch/middleware/templates/rescues/_trace.html.erb
  Rendered C:/Ruby23/lib/ruby/gems/2.3.0/gems/actionpack-5.0.1/lib/action_dispatch/middleware/templates/rescues/_trace.html.erb (3.0ms)
  Rendered collection of C:/Ruby23/lib/ruby/gems/2.3.0/gems/actionpack-5.0.1/lib/action_dispatch/middleware/templates/routes/_route.html.erb [1 times] (2.0ms)
  Rendered C:/Ruby23/lib/ruby/gems/2.3.0/gems/actionpack-5.0.1/lib/action_dispatch/middleware/templates/routes/_table.html.erb (3.0ms)
  Rendering C:/Ruby23/lib/ruby/gems/2.3.0/gems/actionpack-5.0.1/lib/action_dispatch/middleware/templates/rescues/_request_and_response.html.erb
  Rendered C:/Ruby23/lib/ruby/gems/2.3.0/gems/actionpack-5.0.1/lib/action_dispatch/middleware/templates/rescues/_request_and_response.html.erb (4.0ms)
  Rendered C:/Ruby23/lib/ruby/gems/2.3.0/gems/actionpack-5.0.1/lib/action_dispatch/middleware/templates/rescues/routing_error.html.erb within rescues/layout (3592.6ms)
Started GET "/" for 127.0.0.1 at 2017-02-27 23:13:12 -0500
Processing by PagesController#balancer as HTML
  Rendering pages/balancer.html.haml within layouts/application
  Rendered pages/balancer.html.haml within layouts/application (23.0ms)
Completed 200 OK in 2247ms (Views: 2162.3ms | ActiveRecord: 0.0ms)


Started POST "/" for 127.0.0.1 at 2017-02-27 23:13:42 -0500
  
ActionController::RoutingError (No route matches [POST] "/"):
  
actionpack (5.0.1) lib/action_dispatch/middleware/debug_exceptions.rb:53:in `call'
web-console (3.4.0) lib/web_console/middleware.rb:135:in `call_app'
web-console (3.4.0) lib/web_console/middleware.rb:28:in `block in call'
web-console (3.4.0) lib/web_console/middleware.rb:18:in `catch'
web-console (3.4.0) lib/web_console/middleware.rb:18:in `call'
actionpack (5.0.1) lib/action_dispatch/middleware/show_exceptions.rb:31:in `call'
railties (5.0.1) lib/rails/rack/logger.rb:36:in `call_app'
railties (5.0.1) lib/rails/rack/logger.rb:24:in `block in call'
activesupport (5.0.1) lib/active_support/tagged_logging.rb:69:in `block in tagged'
activesupport (5.0.1) lib/active_support/tagged_logging.rb:26:in `tagged'
activesupport (5.0.1) lib/active_support/tagged_logging.rb:69:in `tagged'
railties (5.0.1) lib/rails/rack/logger.rb:24:in `call'
sprockets-rails (3.2.0) lib/sprockets/rails/quiet_assets.rb:13:in `call'
actionpack (5.0.1) lib/action_dispatch/middleware/request_id.rb:24:in `call'
rack (2.0.1) lib/rack/method_override.rb:22:in `call'
rack (2.0.1) lib/rack/runtime.rb:22:in `call'
activesupport (5.0.1) lib/active_support/cache/strategy/local_cache_middleware.rb:28:in `call'
actionpack (5.0.1) lib/action_dispatch/middleware/executor.rb:12:in `call'
actionpack (5.0.1) lib/action_dispatch/middleware/static.rb:136:in `call'
rack (2.0.1) lib/rack/sendfile.rb:111:in `call'
railties (5.0.1) lib/rails/engine.rb:522:in `call'
puma (3.7.1) lib/puma/configuration.rb:232:in `call'
puma (3.7.1) lib/puma/server.rb:578:in `handle_request'
puma (3.7.1) lib/puma/server.rb:415:in `process_client'
puma (3.7.1) lib/puma/server.rb:275:in `block in run'
puma (3.7.1) lib/puma/thread_pool.rb:120:in `block in spawn_thread'
  Rendering C:/Ruby23/lib/ruby/gems/2.3.0/gems/actionpack-5.0.1/lib/action_dispatch/middleware/templates/rescues/routing_error.html.erb within rescues/layout
  Rendering C:/Ruby23/lib/ruby/gems/2.3.0/gems/actionpack-5.0.1/lib/action_dispatch/middleware/templates/rescues/_trace.html.erb
  Rendered C:/Ruby23/lib/ruby/gems/2.3.0/gems/actionpack-5.0.1/lib/action_dispatch/middleware/templates/rescues/_trace.html.erb (4.0ms)
  Rendered collection of C:/Ruby23/lib/ruby/gems/2.3.0/gems/actionpack-5.0.1/lib/action_dispatch/middleware/templates/routes/_route.html.erb [2 times] (3.5ms)
  Rendered C:/Ruby23/lib/ruby/gems/2.3.0/gems/actionpack-5.0.1/lib/action_dispatch/middleware/templates/routes/_table.html.erb (40.1ms)
  Rendering C:/Ruby23/lib/ruby/gems/2.3.0/gems/actionpack-5.0.1/lib/action_dispatch/middleware/templates/rescues/_request_and_response.html.erb
  Rendered C:/Ruby23/lib/ruby/gems/2.3.0/gems/actionpack-5.0.1/lib/action_dispatch/middleware/templates/rescues/_request_and_response.html.erb (5.0ms)
  Rendered C:/Ruby23/lib/ruby/gems/2.3.0/gems/actionpack-5.0.1/lib/action_dispatch/middleware/templates/rescues/routing_error.html.erb within rescues/layout (3770.5ms)
Started POST "/" for 127.0.0.1 at 2017-02-27 23:14:24 -0500
  
ActionController::RoutingError (No route matches [POST] "/"):
  
actionpack (5.0.1) lib/action_dispatch/middleware/debug_exceptions.rb:53:in `call'
web-console (3.4.0) lib/web_console/middleware.rb:135:in `call_app'
web-console (3.4.0) lib/web_console/middleware.rb:28:in `block in call'
web-console (3.4.0) lib/web_console/middleware.rb:18:in `catch'
web-console (3.4.0) lib/web_console/middleware.rb:18:in `call'
actionpack (5.0.1) lib/action_dispatch/middleware/show_exceptions.rb:31:in `call'
railties (5.0.1) lib/rails/rack/logger.rb:36:in `call_app'
railties (5.0.1) lib/rails/rack/logger.rb:24:in `block in call'
activesupport (5.0.1) lib/active_support/tagged_logging.rb:69:in `block in tagged'
activesupport (5.0.1) lib/active_support/tagged_logging.rb:26:in `tagged'
activesupport (5.0.1) lib/active_support/tagged_logging.rb:69:in `tagged'
railties (5.0.1) lib/rails/rack/logger.rb:24:in `call'
sprockets-rails (3.2.0) lib/sprockets/rails/quiet_assets.rb:13:in `call'
actionpack (5.0.1) lib/action_dispatch/middleware/request_id.rb:24:in `call'
rack (2.0.1) lib/rack/method_override.rb:22:in `call'
rack (2.0.1) lib/rack/runtime.rb:22:in `call'
activesupport (5.0.1) lib/active_support/cache/strategy/local_cache_middleware.rb:28:in `call'
actionpack (5.0.1) lib/action_dispatch/middleware/executor.rb:12:in `call'
actionpack (5.0.1) lib/action_dispatch/middleware/static.rb:136:in `call'
rack (2.0.1) lib/rack/sendfile.rb:111:in `call'
railties (5.0.1) lib/rails/engine.rb:522:in `call'
puma (3.7.1) lib/puma/configuration.rb:232:in `call'
puma (3.7.1) lib/puma/server.rb:578:in `handle_request'
puma (3.7.1) lib/puma/server.rb:415:in `process_client'
puma (3.7.1) lib/puma/server.rb:275:in `block in run'
puma (3.7.1) lib/puma/thread_pool.rb:120:in `block in spawn_thread'
  Rendering C:/Ruby23/lib/ruby/gems/2.3.0/gems/actionpack-5.0.1/lib/action_dispatch/middleware/templates/rescues/routing_error.html.erb within rescues/layout
  Rendering C:/Ruby23/lib/ruby/gems/2.3.0/gems/actionpack-5.0.1/lib/action_dispatch/middleware/templates/rescues/_trace.html.erb
  Rendered C:/Ruby23/lib/ruby/gems/2.3.0/gems/actionpack-5.0.1/lib/action_dispatch/middleware/templates/rescues/_trace.html.erb (4.0ms)
  Rendered collection of C:/Ruby23/lib/ruby/gems/2.3.0/gems/actionpack-5.0.1/lib/action_dispatch/middleware/templates/routes/_route.html.erb [2 times] (3.0ms)
  Rendered C:/Ruby23/lib/ruby/gems/2.3.0/gems/actionpack-5.0.1/lib/action_dispatch/middleware/templates/routes/_table.html.erb (3.0ms)
  Rendering C:/Ruby23/lib/ruby/gems/2.3.0/gems/actionpack-5.0.1/lib/action_dispatch/middleware/templates/rescues/_request_and_response.html.erb
  Rendered C:/Ruby23/lib/ruby/gems/2.3.0/gems/actionpack-5.0.1/lib/action_dispatch/middleware/templates/rescues/_request_and_response.html.erb (4.0ms)
  Rendered C:/Ruby23/lib/ruby/gems/2.3.0/gems/actionpack-5.0.1/lib/action_dispatch/middleware/templates/rescues/routing_error.html.erb within rescues/layout (3947.7ms)
Started POST "/" for 127.0.0.1 at 2017-02-27 23:14:44 -0500
  
ActionController::RoutingError (No route matches [POST] "/"):
  
actionpack (5.0.1) lib/action_dispatch/middleware/debug_exceptions.rb:53:in `call'
web-console (3.4.0) lib/web_console/middleware.rb:135:in `call_app'
web-console (3.4.0) lib/web_console/middleware.rb:28:in `block in call'
web-console (3.4.0) lib/web_console/middleware.rb:18:in `catch'
web-console (3.4.0) lib/web_console/middleware.rb:18:in `call'
actionpack (5.0.1) lib/action_dispatch/middleware/show_exceptions.rb:31:in `call'
railties (5.0.1) lib/rails/rack/logger.rb:36:in `call_app'
railties (5.0.1) lib/rails/rack/logger.rb:24:in `block in call'
activesupport (5.0.1) lib/active_support/tagged_logging.rb:69:in `block in tagged'
activesupport (5.0.1) lib/active_support/tagged_logging.rb:26:in `tagged'
activesupport (5.0.1) lib/active_support/tagged_logging.rb:69:in `tagged'
railties (5.0.1) lib/rails/rack/logger.rb:24:in `call'
sprockets-rails (3.2.0) lib/sprockets/rails/quiet_assets.rb:13:in `call'
actionpack (5.0.1) lib/action_dispatch/middleware/request_id.rb:24:in `call'
rack (2.0.1) lib/rack/method_override.rb:22:in `call'
rack (2.0.1) lib/rack/runtime.rb:22:in `call'
activesupport (5.0.1) lib/active_support/cache/strategy/local_cache_middleware.rb:28:in `call'
actionpack (5.0.1) lib/action_dispatch/middleware/executor.rb:12:in `call'
actionpack (5.0.1) lib/action_dispatch/middleware/static.rb:136:in `call'
rack (2.0.1) lib/rack/sendfile.rb:111:in `call'
railties (5.0.1) lib/rails/engine.rb:522:in `call'
puma (3.7.1) lib/puma/configuration.rb:232:in `call'
puma (3.7.1) lib/puma/server.rb:578:in `handle_request'
puma (3.7.1) lib/puma/server.rb:415:in `process_client'
puma (3.7.1) lib/puma/server.rb:275:in `block in run'
puma (3.7.1) lib/puma/thread_pool.rb:120:in `block in spawn_thread'
  Rendering C:/Ruby23/lib/ruby/gems/2.3.0/gems/actionpack-5.0.1/lib/action_dispatch/middleware/templates/rescues/routing_error.html.erb within rescues/layout
  Rendering C:/Ruby23/lib/ruby/gems/2.3.0/gems/actionpack-5.0.1/lib/action_dispatch/middleware/templates/rescues/_trace.html.erb
  Rendered C:/Ruby23/lib/ruby/gems/2.3.0/gems/actionpack-5.0.1/lib/action_dispatch/middleware/templates/rescues/_trace.html.erb (3.0ms)
  Rendered collection of C:/Ruby23/lib/ruby/gems/2.3.0/gems/actionpack-5.0.1/lib/action_dispatch/middleware/templates/routes/_route.html.erb [2 times] (2.5ms)
  Rendered C:/Ruby23/lib/ruby/gems/2.3.0/gems/actionpack-5.0.1/lib/action_dispatch/middleware/templates/routes/_table.html.erb (3.0ms)
  Rendering C:/Ruby23/lib/ruby/gems/2.3.0/gems/actionpack-5.0.1/lib/action_dispatch/middleware/templates/rescues/_request_and_response.html.erb
  Rendered C:/Ruby23/lib/ruby/gems/2.3.0/gems/actionpack-5.0.1/lib/action_dispatch/middleware/templates/rescues/_request_and_response.html.erb (4.0ms)
  Rendered C:/Ruby23/lib/ruby/gems/2.3.0/gems/actionpack-5.0.1/lib/action_dispatch/middleware/templates/rescues/routing_error.html.erb within rescues/layout (3475.8ms)
Started GET "/" for 127.0.0.1 at 2017-02-27 23:15:22 -0500
Processing by PagesController#balancer as HTML
  Rendering pages/balancer.html.haml within layouts/application
  Rendered pages/balancer.html.haml within layouts/application (6.0ms)
Completed 200 OK in 778ms (Views: 714.6ms | ActiveRecord: 0.0ms)


Started GET "/pages/balancer?utf8=%E2%9C%93&eqn=sfd&commit=Balance" for 127.0.0.1 at 2017-02-27 23:15:26 -0500
Processing by PagesController#balancer as HTML
  Parameters: {"utf8"=>"✓", "eqn"=>"sfd", "commit"=>"Balance"}
  Rendering pages/balancer.html.haml within layouts/application
  Rendered pages/balancer.html.haml within layouts/application (8.0ms)
Completed 200 OK in 1032ms (Views: 952.1ms | ActiveRecord: 0.0ms)


Started GET "/pages/balancer?utf8=%E2%9C%93&eqn=sfd&commit=Balance" for 127.0.0.1 at 2017-02-27 23:15:43 -0500
Processing by PagesController#balancer as HTML
  Parameters: {"utf8"=>"✓", "eqn"=>"sfd", "commit"=>"Balance"}
  Rendering pages/balancer.html.haml within layouts/application
  Rendered pages/balancer.html.haml within layouts/application (6.1ms)
Completed 200 OK in 718ms (Views: 659.6ms | ActiveRecord: 0.0ms)


Started POST "/pages/pages/balancer" for 127.0.0.1 at 2017-02-27 23:15:47 -0500
  
ActionController::RoutingError (No route matches [POST] "/pages/pages/balancer"):
  
actionpack (5.0.1) lib/action_dispatch/middleware/debug_exceptions.rb:53:in `call'
web-console (3.4.0) lib/web_console/middleware.rb:135:in `call_app'
web-console (3.4.0) lib/web_console/middleware.rb:28:in `block in call'
web-console (3.4.0) lib/web_console/middleware.rb:18:in `catch'
web-console (3.4.0) lib/web_console/middleware.rb:18:in `call'
actionpack (5.0.1) lib/action_dispatch/middleware/show_exceptions.rb:31:in `call'
railties (5.0.1) lib/rails/rack/logger.rb:36:in `call_app'
railties (5.0.1) lib/rails/rack/logger.rb:24:in `block in call'
activesupport (5.0.1) lib/active_support/tagged_logging.rb:69:in `block in tagged'
activesupport (5.0.1) lib/active_support/tagged_logging.rb:26:in `tagged'
activesupport (5.0.1) lib/active_support/tagged_logging.rb:69:in `tagged'
railties (5.0.1) lib/rails/rack/logger.rb:24:in `call'
sprockets-rails (3.2.0) lib/sprockets/rails/quiet_assets.rb:13:in `call'
actionpack (5.0.1) lib/action_dispatch/middleware/request_id.rb:24:in `call'
rack (2.0.1) lib/rack/method_override.rb:22:in `call'
rack (2.0.1) lib/rack/runtime.rb:22:in `call'
activesupport (5.0.1) lib/active_support/cache/strategy/local_cache_middleware.rb:28:in `call'
actionpack (5.0.1) lib/action_dispatch/middleware/executor.rb:12:in `call'
actionpack (5.0.1) lib/action_dispatch/middleware/static.rb:136:in `call'
rack (2.0.1) lib/rack/sendfile.rb:111:in `call'
railties (5.0.1) lib/rails/engine.rb:522:in `call'
puma (3.7.1) lib/puma/configuration.rb:232:in `call'
puma (3.7.1) lib/puma/server.rb:578:in `handle_request'
puma (3.7.1) lib/puma/server.rb:415:in `process_client'
puma (3.7.1) lib/puma/server.rb:275:in `block in run'
puma (3.7.1) lib/puma/thread_pool.rb:120:in `block in spawn_thread'
  Rendering C:/Ruby23/lib/ruby/gems/2.3.0/gems/actionpack-5.0.1/lib/action_dispatch/middleware/templates/rescues/routing_error.html.erb within rescues/layout
  Rendering C:/Ruby23/lib/ruby/gems/2.3.0/gems/actionpack-5.0.1/lib/action_dispatch/middleware/templates/rescues/_trace.html.erb
  Rendered C:/Ruby23/lib/ruby/gems/2.3.0/gems/actionpack-5.0.1/lib/action_dispatch/middleware/templates/rescues/_trace.html.erb (3.0ms)
  Rendered collection of C:/Ruby23/lib/ruby/gems/2.3.0/gems/actionpack-5.0.1/lib/action_dispatch/middleware/templates/routes/_route.html.erb [2 times] (3.0ms)
  Rendered C:/Ruby23/lib/ruby/gems/2.3.0/gems/actionpack-5.0.1/lib/action_dispatch/middleware/templates/routes/_table.html.erb (2.5ms)
  Rendering C:/Ruby23/lib/ruby/gems/2.3.0/gems/actionpack-5.0.1/lib/action_dispatch/middleware/templates/rescues/_request_and_response.html.erb
  Rendered C:/Ruby23/lib/ruby/gems/2.3.0/gems/actionpack-5.0.1/lib/action_dispatch/middleware/templates/rescues/_request_and_response.html.erb (7.0ms)
  Rendered C:/Ruby23/lib/ruby/gems/2.3.0/gems/actionpack-5.0.1/lib/action_dispatch/middleware/templates/rescues/routing_error.html.erb within rescues/layout (3465.3ms)
Started POST "/pages/pages/balancer" for 127.0.0.1 at 2017-02-27 23:16:17 -0500
  
ActionController::RoutingError (No route matches [POST] "/pages/pages/balancer"):
  
actionpack (5.0.1) lib/action_dispatch/middleware/debug_exceptions.rb:53:in `call'
web-console (3.4.0) lib/web_console/middleware.rb:135:in `call_app'
web-console (3.4.0) lib/web_console/middleware.rb:28:in `block in call'
web-console (3.4.0) lib/web_console/middleware.rb:18:in `catch'
web-console (3.4.0) lib/web_console/middleware.rb:18:in `call'
actionpack (5.0.1) lib/action_dispatch/middleware/show_exceptions.rb:31:in `call'
railties (5.0.1) lib/rails/rack/logger.rb:36:in `call_app'
railties (5.0.1) lib/rails/rack/logger.rb:24:in `block in call'
activesupport (5.0.1) lib/active_support/tagged_logging.rb:69:in `block in tagged'
activesupport (5.0.1) lib/active_support/tagged_logging.rb:26:in `tagged'
activesupport (5.0.1) lib/active_support/tagged_logging.rb:69:in `tagged'
railties (5.0.1) lib/rails/rack/logger.rb:24:in `call'
sprockets-rails (3.2.0) lib/sprockets/rails/quiet_assets.rb:13:in `call'
actionpack (5.0.1) lib/action_dispatch/middleware/request_id.rb:24:in `call'
rack (2.0.1) lib/rack/method_override.rb:22:in `call'
rack (2.0.1) lib/rack/runtime.rb:22:in `call'
activesupport (5.0.1) lib/active_support/cache/strategy/local_cache_middleware.rb:28:in `call'
actionpack (5.0.1) lib/action_dispatch/middleware/executor.rb:12:in `call'
actionpack (5.0.1) lib/action_dispatch/middleware/static.rb:136:in `call'
rack (2.0.1) lib/rack/sendfile.rb:111:in `call'
railties (5.0.1) lib/rails/engine.rb:522:in `call'
puma (3.7.1) lib/puma/configuration.rb:232:in `call'
puma (3.7.1) lib/puma/server.rb:578:in `handle_request'
puma (3.7.1) lib/puma/server.rb:415:in `process_client'
puma (3.7.1) lib/puma/server.rb:275:in `block in run'
puma (3.7.1) lib/puma/thread_pool.rb:120:in `block in spawn_thread'
  Rendering C:/Ruby23/lib/ruby/gems/2.3.0/gems/actionpack-5.0.1/lib/action_dispatch/middleware/templates/rescues/routing_error.html.erb within rescues/layout
  Rendering C:/Ruby23/lib/ruby/gems/2.3.0/gems/actionpack-5.0.1/lib/action_dispatch/middleware/templates/rescues/_trace.html.erb
  Rendered C:/Ruby23/lib/ruby/gems/2.3.0/gems/actionpack-5.0.1/lib/action_dispatch/middleware/templates/rescues/_trace.html.erb (4.0ms)
  Rendered collection of C:/Ruby23/lib/ruby/gems/2.3.0/gems/actionpack-5.0.1/lib/action_dispatch/middleware/templates/routes/_route.html.erb [2 times] (3.0ms)
  Rendered C:/Ruby23/lib/ruby/gems/2.3.0/gems/actionpack-5.0.1/lib/action_dispatch/middleware/templates/routes/_table.html.erb (3.0ms)
  Rendering C:/Ruby23/lib/ruby/gems/2.3.0/gems/actionpack-5.0.1/lib/action_dispatch/middleware/templates/rescues/_request_and_response.html.erb
  Rendered C:/Ruby23/lib/ruby/gems/2.3.0/gems/actionpack-5.0.1/lib/action_dispatch/middleware/templates/rescues/_request_and_response.html.erb (3.0ms)
  Rendered C:/Ruby23/lib/ruby/gems/2.3.0/gems/actionpack-5.0.1/lib/action_dispatch/middleware/templates/rescues/routing_error.html.erb within rescues/layout (3461.7ms)
Started POST "/pages/pages/balancer" for 127.0.0.1 at 2017-02-27 23:17:03 -0500
  
ActionController::RoutingError (No route matches [POST] "/pages/pages/balancer"):
  
actionpack (5.0.1) lib/action_dispatch/middleware/debug_exceptions.rb:53:in `call'
web-console (3.4.0) lib/web_console/middleware.rb:135:in `call_app'
web-console (3.4.0) lib/web_console/middleware.rb:28:in `block in call'
web-console (3.4.0) lib/web_console/middleware.rb:18:in `catch'
web-console (3.4.0) lib/web_console/middleware.rb:18:in `call'
actionpack (5.0.1) lib/action_dispatch/middleware/show_exceptions.rb:31:in `call'
railties (5.0.1) lib/rails/rack/logger.rb:36:in `call_app'
railties (5.0.1) lib/rails/rack/logger.rb:24:in `block in call'
activesupport (5.0.1) lib/active_support/tagged_logging.rb:69:in `block in tagged'
activesupport (5.0.1) lib/active_support/tagged_logging.rb:26:in `tagged'
activesupport (5.0.1) lib/active_support/tagged_logging.rb:69:in `tagged'
railties (5.0.1) lib/rails/rack/logger.rb:24:in `call'
sprockets-rails (3.2.0) lib/sprockets/rails/quiet_assets.rb:13:in `call'
actionpack (5.0.1) lib/action_dispatch/middleware/request_id.rb:24:in `call'
rack (2.0.1) lib/rack/method_override.rb:22:in `call'
rack (2.0.1) lib/rack/runtime.rb:22:in `call'
activesupport (5.0.1) lib/active_support/cache/strategy/local_cache_middleware.rb:28:in `call'
actionpack (5.0.1) lib/action_dispatch/middleware/executor.rb:12:in `call'
actionpack (5.0.1) lib/action_dispatch/middleware/static.rb:136:in `call'
rack (2.0.1) lib/rack/sendfile.rb:111:in `call'
railties (5.0.1) lib/rails/engine.rb:522:in `call'
puma (3.7.1) lib/puma/configuration.rb:232:in `call'
puma (3.7.1) lib/puma/server.rb:578:in `handle_request'
puma (3.7.1) lib/puma/server.rb:415:in `process_client'
puma (3.7.1) lib/puma/server.rb:275:in `block in run'
puma (3.7.1) lib/puma/thread_pool.rb:120:in `block in spawn_thread'
  Rendering C:/Ruby23/lib/ruby/gems/2.3.0/gems/actionpack-5.0.1/lib/action_dispatch/middleware/templates/rescues/routing_error.html.erb within rescues/layout
  Rendering C:/Ruby23/lib/ruby/gems/2.3.0/gems/actionpack-5.0.1/lib/action_dispatch/middleware/templates/rescues/_trace.html.erb
  Rendered C:/Ruby23/lib/ruby/gems/2.3.0/gems/actionpack-5.0.1/lib/action_dispatch/middleware/templates/rescues/_trace.html.erb (4.0ms)
  Rendered collection of C:/Ruby23/lib/ruby/gems/2.3.0/gems/actionpack-5.0.1/lib/action_dispatch/middleware/templates/routes/_route.html.erb [2 times] (2.0ms)
  Rendered C:/Ruby23/lib/ruby/gems/2.3.0/gems/actionpack-5.0.1/lib/action_dispatch/middleware/templates/routes/_table.html.erb (3.0ms)
  Rendering C:/Ruby23/lib/ruby/gems/2.3.0/gems/actionpack-5.0.1/lib/action_dispatch/middleware/templates/rescues/_request_and_response.html.erb
  Rendered C:/Ruby23/lib/ruby/gems/2.3.0/gems/actionpack-5.0.1/lib/action_dispatch/middleware/templates/rescues/_request_and_response.html.erb (3.0ms)
  Rendered C:/Ruby23/lib/ruby/gems/2.3.0/gems/actionpack-5.0.1/lib/action_dispatch/middleware/templates/rescues/routing_error.html.erb within rescues/layout (3797.1ms)
Started POST "/pages/pages/balancer" for 127.0.0.1 at 2017-02-27 23:17:11 -0500
  
ActionController::RoutingError (No route matches [POST] "/pages/pages/balancer"):
  
actionpack (5.0.1) lib/action_dispatch/middleware/debug_exceptions.rb:53:in `call'
web-console (3.4.0) lib/web_console/middleware.rb:135:in `call_app'
web-console (3.4.0) lib/web_console/middleware.rb:28:in `block in call'
web-console (3.4.0) lib/web_console/middleware.rb:18:in `catch'
web-console (3.4.0) lib/web_console/middleware.rb:18:in `call'
actionpack (5.0.1) lib/action_dispatch/middleware/show_exceptions.rb:31:in `call'
railties (5.0.1) lib/rails/rack/logger.rb:36:in `call_app'
railties (5.0.1) lib/rails/rack/logger.rb:24:in `block in call'
activesupport (5.0.1) lib/active_support/tagged_logging.rb:69:in `block in tagged'
activesupport (5.0.1) lib/active_support/tagged_logging.rb:26:in `tagged'
activesupport (5.0.1) lib/active_support/tagged_logging.rb:69:in `tagged'
railties (5.0.1) lib/rails/rack/logger.rb:24:in `call'
sprockets-rails (3.2.0) lib/sprockets/rails/quiet_assets.rb:13:in `call'
actionpack (5.0.1) lib/action_dispatch/middleware/request_id.rb:24:in `call'
rack (2.0.1) lib/rack/method_override.rb:22:in `call'
rack (2.0.1) lib/rack/runtime.rb:22:in `call'
activesupport (5.0.1) lib/active_support/cache/strategy/local_cache_middleware.rb:28:in `call'
actionpack (5.0.1) lib/action_dispatch/middleware/executor.rb:12:in `call'
actionpack (5.0.1) lib/action_dispatch/middleware/static.rb:136:in `call'
rack (2.0.1) lib/rack/sendfile.rb:111:in `call'
railties (5.0.1) lib/rails/engine.rb:522:in `call'
puma (3.7.1) lib/puma/configuration.rb:232:in `call'
puma (3.7.1) lib/puma/server.rb:578:in `handle_request'
puma (3.7.1) lib/puma/server.rb:415:in `process_client'
puma (3.7.1) lib/puma/server.rb:275:in `block in run'
puma (3.7.1) lib/puma/thread_pool.rb:120:in `block in spawn_thread'
Started GET "/" for 127.0.0.1 at 2017-02-27 23:17:15 -0500
Processing by PagesController#balancer as HTML
  Rendering pages/balancer.html.haml within layouts/application
  Rendered pages/balancer.html.haml within layouts/application (5.0ms)
  Rendering C:/Ruby23/lib/ruby/gems/2.3.0/gems/actionpack-5.0.1/lib/action_dispatch/middleware/templates/rescues/routing_error.html.erb within rescues/layout
  Rendering C:/Ruby23/lib/ruby/gems/2.3.0/gems/actionpack-5.0.1/lib/action_dispatch/middleware/templates/rescues/_trace.html.erb
  Rendered C:/Ruby23/lib/ruby/gems/2.3.0/gems/actionpack-5.0.1/lib/action_dispatch/middleware/templates/rescues/_trace.html.erb (3.0ms)
  Rendered collection of C:/Ruby23/lib/ruby/gems/2.3.0/gems/actionpack-5.0.1/lib/action_dispatch/middleware/templates/routes/_route.html.erb [2 times] (2.0ms)
  Rendered C:/Ruby23/lib/ruby/gems/2.3.0/gems/actionpack-5.0.1/lib/action_dispatch/middleware/templates/routes/_table.html.erb (3.0ms)
  Rendering C:/Ruby23/lib/ruby/gems/2.3.0/gems/actionpack-5.0.1/lib/action_dispatch/middleware/templates/rescues/_request_and_response.html.erb
  Rendered C:/Ruby23/lib/ruby/gems/2.3.0/gems/actionpack-5.0.1/lib/action_dispatch/middleware/templates/rescues/_request_and_response.html.erb (4.5ms)
  Rendered C:/Ruby23/lib/ruby/gems/2.3.0/gems/actionpack-5.0.1/lib/action_dispatch/middleware/templates/rescues/routing_error.html.erb within rescues/layout (3938.2ms)
Completed 200 OK in 7099ms (Views: 7045.2ms | ActiveRecord: 0.0ms)


Started GET "/pages/balancer?utf8=%E2%9C%93&eqn=Mg+%2B+O2+-%3E+MgO&commit=Balance" for 127.0.0.1 at 2017-02-27 23:17:56 -0500
Processing by PagesController#balancer as HTML
  Parameters: {"utf8"=>"✓", "eqn"=>"Mg + O2 -> MgO", "commit"=>"Balance"}
  Rendering pages/balancer.html.haml within layouts/application
  Rendered pages/balancer.html.haml within layouts/application (6.0ms)
Completed 200 OK in 687ms (Views: 634.3ms | ActiveRecord: 0.0ms)


Started GET "/pages/pages/balancer?utf8=%E2%9C%93&eqn=&commit=Balance" for 127.0.0.1 at 2017-02-27 23:22:26 -0500
  
ActionController::RoutingError (No route matches [GET] "/pages/pages/balancer"):
  
actionpack (5.0.1) lib/action_dispatch/middleware/debug_exceptions.rb:53:in `call'
web-console (3.4.0) lib/web_console/middleware.rb:135:in `call_app'
web-console (3.4.0) lib/web_console/middleware.rb:28:in `block in call'
web-console (3.4.0) lib/web_console/middleware.rb:18:in `catch'
web-console (3.4.0) lib/web_console/middleware.rb:18:in `call'
actionpack (5.0.1) lib/action_dispatch/middleware/show_exceptions.rb:31:in `call'
railties (5.0.1) lib/rails/rack/logger.rb:36:in `call_app'
railties (5.0.1) lib/rails/rack/logger.rb:24:in `block in call'
activesupport (5.0.1) lib/active_support/tagged_logging.rb:69:in `block in tagged'
activesupport (5.0.1) lib/active_support/tagged_logging.rb:26:in `tagged'
activesupport (5.0.1) lib/active_support/tagged_logging.rb:69:in `tagged'
railties (5.0.1) lib/rails/rack/logger.rb:24:in `call'
sprockets-rails (3.2.0) lib/sprockets/rails/quiet_assets.rb:13:in `call'
actionpack (5.0.1) lib/action_dispatch/middleware/request_id.rb:24:in `call'
rack (2.0.1) lib/rack/method_override.rb:22:in `call'
rack (2.0.1) lib/rack/runtime.rb:22:in `call'
activesupport (5.0.1) lib/active_support/cache/strategy/local_cache_middleware.rb:28:in `call'
actionpack (5.0.1) lib/action_dispatch/middleware/executor.rb:12:in `call'
actionpack (5.0.1) lib/action_dispatch/middleware/static.rb:136:in `call'
rack (2.0.1) lib/rack/sendfile.rb:111:in `call'
railties (5.0.1) lib/rails/engine.rb:522:in `call'
puma (3.7.1) lib/puma/configuration.rb:232:in `call'
puma (3.7.1) lib/puma/server.rb:578:in `handle_request'
puma (3.7.1) lib/puma/server.rb:415:in `process_client'
puma (3.7.1) lib/puma/server.rb:275:in `block in run'
puma (3.7.1) lib/puma/thread_pool.rb:120:in `block in spawn_thread'
  Rendering C:/Ruby23/lib/ruby/gems/2.3.0/gems/actionpack-5.0.1/lib/action_dispatch/middleware/templates/rescues/routing_error.html.erb within rescues/layout
  Rendering C:/Ruby23/lib/ruby/gems/2.3.0/gems/actionpack-5.0.1/lib/action_dispatch/middleware/templates/rescues/_trace.html.erb
  Rendered C:/Ruby23/lib/ruby/gems/2.3.0/gems/actionpack-5.0.1/lib/action_dispatch/middleware/templates/rescues/_trace.html.erb (4.0ms)
  Rendered collection of C:/Ruby23/lib/ruby/gems/2.3.0/gems/actionpack-5.0.1/lib/action_dispatch/middleware/templates/routes/_route.html.erb [2 times] (3.0ms)
  Rendered C:/Ruby23/lib/ruby/gems/2.3.0/gems/actionpack-5.0.1/lib/action_dispatch/middleware/templates/routes/_table.html.erb (2.0ms)
  Rendering C:/Ruby23/lib/ruby/gems/2.3.0/gems/actionpack-5.0.1/lib/action_dispatch/middleware/templates/rescues/_request_and_response.html.erb
  Rendered C:/Ruby23/lib/ruby/gems/2.3.0/gems/actionpack-5.0.1/lib/action_dispatch/middleware/templates/rescues/_request_and_response.html.erb (4.0ms)
  Rendered C:/Ruby23/lib/ruby/gems/2.3.0/gems/actionpack-5.0.1/lib/action_dispatch/middleware/templates/rescues/routing_error.html.erb within rescues/layout (3502.3ms)
Started GET "/" for 127.0.0.1 at 2017-02-27 23:22:40 -0500
Processing by PagesController#balancer as HTML
  Rendering pages/balancer.html.haml within layouts/application
  Rendered pages/balancer.html.haml within layouts/application (6.5ms)
Started GET "/" for 127.0.0.1 at 2017-02-27 23:22:41 -0500
Processing by PagesController#balancer as HTML
  Rendering pages/balancer.html.haml within layouts/application
  Rendered pages/balancer.html.haml within layouts/application (6.0ms)
Completed 200 OK in 1193ms (Views: 1135.7ms | ActiveRecord: 0.0ms)


Completed 200 OK in 846ms (Views: 750.0ms | ActiveRecord: 0.0ms)


Started GET "/pages/balancer?utf8=%E2%9C%93&eqn=asdf&commit=Balance" for 127.0.0.1 at 2017-02-27 23:22:46 -0500
Processing by PagesController#balancer as HTML
  Parameters: {"utf8"=>"✓", "eqn"=>"asdf", "commit"=>"Balance"}
  Rendering pages/balancer.html.haml within layouts/application
  Rendered pages/balancer.html.haml within layouts/application (10.5ms)
Completed 200 OK in 832ms (Views: 776.0ms | ActiveRecord: 0.0ms)


Started GET "/pages/pages/balancer?utf8=%E2%9C%93&eqn=fsfd&commit=Balance" for 127.0.0.1 at 2017-02-27 23:26:26 -0500
  
ActionController::RoutingError (No route matches [GET] "/pages/pages/balancer"):
  
actionpack (5.0.1) lib/action_dispatch/middleware/debug_exceptions.rb:53:in `call'
web-console (3.4.0) lib/web_console/middleware.rb:135:in `call_app'
web-console (3.4.0) lib/web_console/middleware.rb:28:in `block in call'
web-console (3.4.0) lib/web_console/middleware.rb:18:in `catch'
web-console (3.4.0) lib/web_console/middleware.rb:18:in `call'
actionpack (5.0.1) lib/action_dispatch/middleware/show_exceptions.rb:31:in `call'
railties (5.0.1) lib/rails/rack/logger.rb:36:in `call_app'
railties (5.0.1) lib/rails/rack/logger.rb:24:in `block in call'
activesupport (5.0.1) lib/active_support/tagged_logging.rb:69:in `block in tagged'
activesupport (5.0.1) lib/active_support/tagged_logging.rb:26:in `tagged'
activesupport (5.0.1) lib/active_support/tagged_logging.rb:69:in `tagged'
railties (5.0.1) lib/rails/rack/logger.rb:24:in `call'
sprockets-rails (3.2.0) lib/sprockets/rails/quiet_assets.rb:13:in `call'
actionpack (5.0.1) lib/action_dispatch/middleware/request_id.rb:24:in `call'
rack (2.0.1) lib/rack/method_override.rb:22:in `call'
rack (2.0.1) lib/rack/runtime.rb:22:in `call'
activesupport (5.0.1) lib/active_support/cache/strategy/local_cache_middleware.rb:28:in `call'
actionpack (5.0.1) lib/action_dispatch/middleware/executor.rb:12:in `call'
actionpack (5.0.1) lib/action_dispatch/middleware/static.rb:136:in `call'
rack (2.0.1) lib/rack/sendfile.rb:111:in `call'
railties (5.0.1) lib/rails/engine.rb:522:in `call'
puma (3.7.1) lib/puma/configuration.rb:232:in `call'
puma (3.7.1) lib/puma/server.rb:578:in `handle_request'
puma (3.7.1) lib/puma/server.rb:415:in `process_client'
puma (3.7.1) lib/puma/server.rb:275:in `block in run'
puma (3.7.1) lib/puma/thread_pool.rb:120:in `block in spawn_thread'
  Rendering C:/Ruby23/lib/ruby/gems/2.3.0/gems/actionpack-5.0.1/lib/action_dispatch/middleware/templates/rescues/routing_error.html.erb within rescues/layout
  Rendering C:/Ruby23/lib/ruby/gems/2.3.0/gems/actionpack-5.0.1/lib/action_dispatch/middleware/templates/rescues/_trace.html.erb
  Rendered C:/Ruby23/lib/ruby/gems/2.3.0/gems/actionpack-5.0.1/lib/action_dispatch/middleware/templates/rescues/_trace.html.erb (4.0ms)
  Rendered collection of C:/Ruby23/lib/ruby/gems/2.3.0/gems/actionpack-5.0.1/lib/action_dispatch/middleware/templates/routes/_route.html.erb [2 times] (3.0ms)
  Rendered C:/Ruby23/lib/ruby/gems/2.3.0/gems/actionpack-5.0.1/lib/action_dispatch/middleware/templates/routes/_table.html.erb (3.0ms)
  Rendering C:/Ruby23/lib/ruby/gems/2.3.0/gems/actionpack-5.0.1/lib/action_dispatch/middleware/templates/rescues/_request_and_response.html.erb
  Rendered C:/Ruby23/lib/ruby/gems/2.3.0/gems/actionpack-5.0.1/lib/action_dispatch/middleware/templates/rescues/_request_and_response.html.erb (5.5ms)
  Rendered C:/Ruby23/lib/ruby/gems/2.3.0/gems/actionpack-5.0.1/lib/action_dispatch/middleware/templates/rescues/routing_error.html.erb within rescues/layout (3483.6ms)
Started GET "/pages/pages/balancer?utf8=%E2%9C%93&eqn=fsfd&commit=Balance" for 127.0.0.1 at 2017-02-27 23:27:05 -0500
  
ActionController::RoutingError (No route matches [GET] "/pages/pages/balancer"):
  
actionpack (5.0.1) lib/action_dispatch/middleware/debug_exceptions.rb:53:in `call'
web-console (3.4.0) lib/web_console/middleware.rb:135:in `call_app'
web-console (3.4.0) lib/web_console/middleware.rb:28:in `block in call'
web-console (3.4.0) lib/web_console/middleware.rb:18:in `catch'
web-console (3.4.0) lib/web_console/middleware.rb:18:in `call'
actionpack (5.0.1) lib/action_dispatch/middleware/show_exceptions.rb:31:in `call'
railties (5.0.1) lib/rails/rack/logger.rb:36:in `call_app'
railties (5.0.1) lib/rails/rack/logger.rb:24:in `block in call'
activesupport (5.0.1) lib/active_support/tagged_logging.rb:69:in `block in tagged'
activesupport (5.0.1) lib/active_support/tagged_logging.rb:26:in `tagged'
activesupport (5.0.1) lib/active_support/tagged_logging.rb:69:in `tagged'
railties (5.0.1) lib/rails/rack/logger.rb:24:in `call'
sprockets-rails (3.2.0) lib/sprockets/rails/quiet_assets.rb:13:in `call'
actionpack (5.0.1) lib/action_dispatch/middleware/request_id.rb:24:in `call'
rack (2.0.1) lib/rack/method_override.rb:22:in `call'
rack (2.0.1) lib/rack/runtime.rb:22:in `call'
activesupport (5.0.1) lib/active_support/cache/strategy/local_cache_middleware.rb:28:in `call'
actionpack (5.0.1) lib/action_dispatch/middleware/executor.rb:12:in `call'
actionpack (5.0.1) lib/action_dispatch/middleware/static.rb:136:in `call'
rack (2.0.1) lib/rack/sendfile.rb:111:in `call'
railties (5.0.1) lib/rails/engine.rb:522:in `call'
puma (3.7.1) lib/puma/configuration.rb:232:in `call'
puma (3.7.1) lib/puma/server.rb:578:in `handle_request'
puma (3.7.1) lib/puma/server.rb:415:in `process_client'
puma (3.7.1) lib/puma/server.rb:275:in `block in run'
puma (3.7.1) lib/puma/thread_pool.rb:120:in `block in spawn_thread'
  Rendering C:/Ruby23/lib/ruby/gems/2.3.0/gems/actionpack-5.0.1/lib/action_dispatch/middleware/templates/rescues/routing_error.html.erb within rescues/layout
  Rendering C:/Ruby23/lib/ruby/gems/2.3.0/gems/actionpack-5.0.1/lib/action_dispatch/middleware/templates/rescues/_trace.html.erb
  Rendered C:/Ruby23/lib/ruby/gems/2.3.0/gems/actionpack-5.0.1/lib/action_dispatch/middleware/templates/rescues/_trace.html.erb (3.0ms)
  Rendered collection of C:/Ruby23/lib/ruby/gems/2.3.0/gems/actionpack-5.0.1/lib/action_dispatch/middleware/templates/routes/_route.html.erb [2 times] (2.0ms)
  Rendered C:/Ruby23/lib/ruby/gems/2.3.0/gems/actionpack-5.0.1/lib/action_dispatch/middleware/templates/routes/_table.html.erb (3.0ms)
  Rendering C:/Ruby23/lib/ruby/gems/2.3.0/gems/actionpack-5.0.1/lib/action_dispatch/middleware/templates/rescues/_request_and_response.html.erb
  Rendered C:/Ruby23/lib/ruby/gems/2.3.0/gems/actionpack-5.0.1/lib/action_dispatch/middleware/templates/rescues/_request_and_response.html.erb (4.0ms)
  Rendered C:/Ruby23/lib/ruby/gems/2.3.0/gems/actionpack-5.0.1/lib/action_dispatch/middleware/templates/rescues/routing_error.html.erb within rescues/layout (3502.7ms)
Started GET "/pages/pages/balancer?utf8=%E2%9C%93&eqn=fsfd&commit=Balance" for 127.0.0.1 at 2017-02-27 23:27:39 -0500
  
ActionController::RoutingError (No route matches [GET] "/pages/pages/balancer"):
  
actionpack (5.0.1) lib/action_dispatch/middleware/debug_exceptions.rb:53:in `call'
web-console (3.4.0) lib/web_console/middleware.rb:135:in `call_app'
web-console (3.4.0) lib/web_console/middleware.rb:28:in `block in call'
web-console (3.4.0) lib/web_console/middleware.rb:18:in `catch'
web-console (3.4.0) lib/web_console/middleware.rb:18:in `call'
actionpack (5.0.1) lib/action_dispatch/middleware/show_exceptions.rb:31:in `call'
railties (5.0.1) lib/rails/rack/logger.rb:36:in `call_app'
railties (5.0.1) lib/rails/rack/logger.rb:24:in `block in call'
activesupport (5.0.1) lib/active_support/tagged_logging.rb:69:in `block in tagged'
activesupport (5.0.1) lib/active_support/tagged_logging.rb:26:in `tagged'
activesupport (5.0.1) lib/active_support/tagged_logging.rb:69:in `tagged'
railties (5.0.1) lib/rails/rack/logger.rb:24:in `call'
sprockets-rails (3.2.0) lib/sprockets/rails/quiet_assets.rb:13:in `call'
actionpack (5.0.1) lib/action_dispatch/middleware/request_id.rb:24:in `call'
rack (2.0.1) lib/rack/method_override.rb:22:in `call'
rack (2.0.1) lib/rack/runtime.rb:22:in `call'
activesupport (5.0.1) lib/active_support/cache/strategy/local_cache_middleware.rb:28:in `call'
actionpack (5.0.1) lib/action_dispatch/middleware/executor.rb:12:in `call'
actionpack (5.0.1) lib/action_dispatch/middleware/static.rb:136:in `call'
rack (2.0.1) lib/rack/sendfile.rb:111:in `call'
railties (5.0.1) lib/rails/engine.rb:522:in `call'
puma (3.7.1) lib/puma/configuration.rb:232:in `call'
puma (3.7.1) lib/puma/server.rb:578:in `handle_request'
puma (3.7.1) lib/puma/server.rb:415:in `process_client'
puma (3.7.1) lib/puma/server.rb:275:in `block in run'
puma (3.7.1) lib/puma/thread_pool.rb:120:in `block in spawn_thread'
  Rendering C:/Ruby23/lib/ruby/gems/2.3.0/gems/actionpack-5.0.1/lib/action_dispatch/middleware/templates/rescues/routing_error.html.erb within rescues/layout
  Rendering C:/Ruby23/lib/ruby/gems/2.3.0/gems/actionpack-5.0.1/lib/action_dispatch/middleware/templates/rescues/_trace.html.erb
  Rendered C:/Ruby23/lib/ruby/gems/2.3.0/gems/actionpack-5.0.1/lib/action_dispatch/middleware/templates/rescues/_trace.html.erb (4.0ms)
  Rendered collection of C:/Ruby23/lib/ruby/gems/2.3.0/gems/actionpack-5.0.1/lib/action_dispatch/middleware/templates/routes/_route.html.erb [2 times] (4.0ms)
  Rendered C:/Ruby23/lib/ruby/gems/2.3.0/gems/actionpack-5.0.1/lib/action_dispatch/middleware/templates/routes/_table.html.erb (3.0ms)
  Rendering C:/Ruby23/lib/ruby/gems/2.3.0/gems/actionpack-5.0.1/lib/action_dispatch/middleware/templates/rescues/_request_and_response.html.erb
  Rendered C:/Ruby23/lib/ruby/gems/2.3.0/gems/actionpack-5.0.1/lib/action_dispatch/middleware/templates/rescues/_request_and_response.html.erb (4.0ms)
  Rendered C:/Ruby23/lib/ruby/gems/2.3.0/gems/actionpack-5.0.1/lib/action_dispatch/middleware/templates/rescues/routing_error.html.erb within rescues/layout (3537.1ms)
Started GET "/" for 127.0.0.1 at 2017-02-27 23:27:53 -0500
Processing by PagesController#balancer as HTML
Started GET "/" for 127.0.0.1 at 2017-02-27 23:27:53 -0500
Processing by PagesController#balancer as HTML
  Rendering pages/balancer.html.haml within layouts/application
  Rendered pages/balancer.html.haml within layouts/application (6.0ms)
  Rendering pages/balancer.html.haml within layouts/application
  Rendered pages/balancer.html.haml within layouts/application (3.0ms)
Completed 500 Internal Server Error in 1104ms (ActiveRecord: 0.0ms)


  
ActionView::Template::Error (can't add a new key into hash during iteration):
    3:   %head
    4:     %title Balancer
    5:     = csrf_meta_tags
    6:     = stylesheet_link_tag    'application', media: 'all', 'data-turbolinks-track': 'reload'
    7:     = javascript_include_tag 'application', 'data-turbolinks-track': 'reload'
    8:   %body
    9:     = yield
  
app/views/layouts/application.html.haml:6:in `_app_views_layouts_application_html_haml___666182476_79940064'
Completed 200 OK in 1466ms (Views: 1305.7ms | ActiveRecord: 0.0ms)


  Rendering C:/Ruby23/lib/ruby/gems/2.3.0/gems/actionpack-5.0.1/lib/action_dispatch/middleware/templates/rescues/template_error.html.erb within rescues/layout
  Rendering C:/Ruby23/lib/ruby/gems/2.3.0/gems/actionpack-5.0.1/lib/action_dispatch/middleware/templates/rescues/_source.html.erb
  Rendered C:/Ruby23/lib/ruby/gems/2.3.0/gems/actionpack-5.0.1/lib/action_dispatch/middleware/templates/rescues/_source.html.erb (14.0ms)
  Rendering C:/Ruby23/lib/ruby/gems/2.3.0/gems/actionpack-5.0.1/lib/action_dispatch/middleware/templates/rescues/_trace.html.erb
  Rendered C:/Ruby23/lib/ruby/gems/2.3.0/gems/actionpack-5.0.1/lib/action_dispatch/middleware/templates/rescues/_trace.html.erb (6.0ms)
Started GET "/?utf8=%E2%9C%93&eqn=s&commit=Balance" for 127.0.0.1 at 2017-02-27 23:27:59 -0500
Processing by PagesController#balancer as HTML
  Rendering C:/Ruby23/lib/ruby/gems/2.3.0/gems/actionpack-5.0.1/lib/action_dispatch/middleware/templates/rescues/_request_and_response.html.erb
  Parameters: {"utf8"=>"✓", "eqn"=>"s", "commit"=>"Balance"}
  Rendered C:/Ruby23/lib/ruby/gems/2.3.0/gems/actionpack-5.0.1/lib/action_dispatch/middleware/templates/rescues/_request_and_response.html.erb (3.0ms)
  Rendered C:/Ruby23/lib/ruby/gems/2.3.0/gems/actionpack-5.0.1/lib/action_dispatch/middleware/templates/rescues/template_error.html.erb within rescues/layout (2934.0ms)
  Rendering pages/balancer.html.haml within layouts/application
  Rendered pages/balancer.html.haml within layouts/application (4.0ms)
Completed 200 OK in 7027ms (Views: 6108.1ms | ActiveRecord: 0.0ms)


Started GET "/?utf8=%E2%9C%93&eqn=fd&commit=Balance" for 127.0.0.1 at 2017-02-27 23:28:10 -0500
Processing by PagesController#balancer as HTML
  Parameters: {"utf8"=>"✓", "eqn"=>"fd", "commit"=>"Balance"}
  Rendering pages/balancer.html.haml within layouts/application
  Rendered pages/balancer.html.haml within layouts/application (6.0ms)
Completed 200 OK in 689ms (Views: 635.0ms | ActiveRecord: 0.0ms)


Started GET "/?utf8=%E2%9C%93&eqn=Mg+%2B+O2+-%3E+MgO&commit=Balance" for 127.0.0.1 at 2017-02-27 23:28:34 -0500
Processing by PagesController#balancer as HTML
  Parameters: {"utf8"=>"✓", "eqn"=>"Mg + O2 -> MgO", "commit"=>"Balance"}
  Rendering pages/balancer.html.haml within layouts/application
  Rendered pages/balancer.html.haml within layouts/application (7.0ms)
Completed 200 OK in 706ms (Views: 651.1ms | ActiveRecord: 0.0ms)


Started GET "/?utf8=%E2%9C%93&eqn=Mg+%2B+O2+-%3E+MgO&commit=Balance" for 127.0.0.1 at 2017-02-27 23:28:49 -0500
Processing by PagesController#balancer as HTML
  Parameters: {"utf8"=>"✓", "eqn"=>"Mg + O2 -> MgO", "commit"=>"Balance"}
  Rendering pages/balancer.html.haml within layouts/application
  Rendered pages/balancer.html.haml within layouts/application (6.1ms)
Completed 200 OK in 3667ms (Views: 702.8ms | ActiveRecord: 0.0ms)


Started GET "/?utf8=%E2%9C%93&eqn=NaCl+%2B+F2&commit=Balance" for 127.0.0.1 at 2017-02-27 23:30:13 -0500
Processing by PagesController#balancer as HTML
  Parameters: {"utf8"=>"✓", "eqn"=>"NaCl + F2", "commit"=>"Balance"}
Completed 500 Internal Server Error in 1472ms (ActiveRecord: 0.0ms)


  
NoMethodError (undefined method `shift' for nil:NilClass):
  
lib/equation.rb:6:in `block in solve'
lib/equation.rb:6:in `map!'
lib/equation.rb:6:in `solve'
app/controllers/pages_controller.rb:4:in `balancer'
  Rendering C:/Ruby23/lib/ruby/gems/2.3.0/gems/actionpack-5.0.1/lib/action_dispatch/middleware/templates/rescues/diagnostics.html.erb within rescues/layout
  Rendering C:/Ruby23/lib/ruby/gems/2.3.0/gems/actionpack-5.0.1/lib/action_dispatch/middleware/templates/rescues/_source.html.erb
  Rendered C:/Ruby23/lib/ruby/gems/2.3.0/gems/actionpack-5.0.1/lib/action_dispatch/middleware/templates/rescues/_source.html.erb (10.0ms)
  Rendering C:/Ruby23/lib/ruby/gems/2.3.0/gems/actionpack-5.0.1/lib/action_dispatch/middleware/templates/rescues/_trace.html.erb
  Rendered C:/Ruby23/lib/ruby/gems/2.3.0/gems/actionpack-5.0.1/lib/action_dispatch/middleware/templates/rescues/_trace.html.erb (5.0ms)
  Rendering C:/Ruby23/lib/ruby/gems/2.3.0/gems/actionpack-5.0.1/lib/action_dispatch/middleware/templates/rescues/_request_and_response.html.erb
  Rendered C:/Ruby23/lib/ruby/gems/2.3.0/gems/actionpack-5.0.1/lib/action_dispatch/middleware/templates/rescues/_request_and_response.html.erb (3.0ms)
  Rendered C:/Ruby23/lib/ruby/gems/2.3.0/gems/actionpack-5.0.1/lib/action_dispatch/middleware/templates/rescues/diagnostics.html.erb within rescues/layout (2722.6ms)
Started GET "/?utf8=%E2%9C%93&eqn=Mg+%2B+O2+-%3E+MgO&commit=Balance" for 127.0.0.1 at 2017-02-27 23:30:52 -0500
Processing by PagesController#balancer as HTML
  Parameters: {"utf8"=>"✓", "eqn"=>"Mg + O2 -> MgO", "commit"=>"Balance"}
  Rendering pages/balancer.html.haml within layouts/application
  Rendered pages/balancer.html.haml within layouts/application (7.0ms)
Completed 200 OK in 2928ms (Views: 679.1ms | ActiveRecord: 0.0ms)


Started GET "/?utf8=%E2%9C%93&eqn=NaCl+%2B+F2+-%3E+NaF+%2B+Cl2&commit=Balance" for 127.0.0.1 at 2017-02-27 23:31:16 -0500
Processing by PagesController#balancer as HTML
  Parameters: {"utf8"=>"✓", "eqn"=>"NaCl + F2 -> NaF + Cl2", "commit"=>"Balance"}
  Rendering pages/balancer.html.haml within layouts/application
  Rendered pages/balancer.html.haml within layouts/application (6.0ms)
Completed 200 OK in 2722ms (Views: 644.4ms | ActiveRecord: 0.0ms)


Started GET "/?utf8=%E2%9C%93&eqn=MgO+%2B+HCl+-%3E+MgCl2+%2B+H2O&commit=Balance" for 127.0.0.1 at 2017-02-27 23:33:34 -0500
Processing by PagesController#balancer as HTML
  Parameters: {"utf8"=>"✓", "eqn"=>"MgO + HCl -> MgCl2 + H2O", "commit"=>"Balance"}
  Rendering pages/balancer.html.haml within layouts/application
  Rendered pages/balancer.html.haml within layouts/application (6.5ms)
Completed 200 OK in 2944ms (Views: 658.5ms | ActiveRecord: 0.0ms)


Started GET "/?utf8=%E2%9C%93&eqn=MgO+%2B+HCl+-%3E+MgCl2+%2B+H2O&commit=Balance" for 127.0.0.1 at 2017-02-27 23:34:17 -0500
Processing by PagesController#balancer as HTML
  Parameters: {"utf8"=>"✓", "eqn"=>"MgO + HCl -> MgCl2 + H2O", "commit"=>"Balance"}
Completed 500 Internal Server Error in 2888ms (ActiveRecord: 0.0ms)


  
ExecJS::ProgramError (ParseError: KaTeX parse error: Expected 'EOF', got '\rightarrowMgCl' at position 11: MgO + 2HCl\̲r̲i̲g̲h̲t̲a̲r̲r̲o̲w̲M̲g̲C̲l̲_{2} + H_{2}O):
  
lib/equation.rb:9:in `solve'
app/controllers/pages_controller.rb:4:in `balancer'
  Rendering C:/Ruby23/lib/ruby/gems/2.3.0/gems/actionpack-5.0.1/lib/action_dispatch/middleware/templates/rescues/diagnostics.html.erb within rescues/layout
  Rendering C:/Ruby23/lib/ruby/gems/2.3.0/gems/actionpack-5.0.1/lib/action_dispatch/middleware/templates/rescues/_source.html.erb
  Rendered C:/Ruby23/lib/ruby/gems/2.3.0/gems/actionpack-5.0.1/lib/action_dispatch/middleware/templates/rescues/_source.html.erb (11.5ms)
  Rendering C:/Ruby23/lib/ruby/gems/2.3.0/gems/actionpack-5.0.1/lib/action_dispatch/middleware/templates/rescues/_trace.html.erb
  Rendered C:/Ruby23/lib/ruby/gems/2.3.0/gems/actionpack-5.0.1/lib/action_dispatch/middleware/templates/rescues/_trace.html.erb (6.0ms)
  Rendering C:/Ruby23/lib/ruby/gems/2.3.0/gems/actionpack-5.0.1/lib/action_dispatch/middleware/templates/rescues/_request_and_response.html.erb
  Rendered C:/Ruby23/lib/ruby/gems/2.3.0/gems/actionpack-5.0.1/lib/action_dispatch/middleware/templates/rescues/_request_and_response.html.erb (3.0ms)
  Rendered C:/Ruby23/lib/ruby/gems/2.3.0/gems/actionpack-5.0.1/lib/action_dispatch/middleware/templates/rescues/diagnostics.html.erb within rescues/layout (2608.0ms)
Started GET "/" for 127.0.0.1 at 2017-02-27 23:37:15 -0500
Processing by PagesController#balancer as HTML
  Rendering pages/balancer.html.haml within layouts/application
  Rendered pages/balancer.html.haml within layouts/application (27.0ms)
Completed 200 OK in 2107ms (Views: 2016.1ms | ActiveRecord: 0.0ms)


Started GET "/?utf8=%E2%9C%93&eqn=MgO+%2B+HCl+-%3E+MgCl2+%2B+H2O&commit=Balance" for 127.0.0.1 at 2017-02-27 23:38:03 -0500
Processing by PagesController#balancer as HTML
  Parameters: {"utf8"=>"✓", "eqn"=>"MgO + HCl -> MgCl2 + H2O", "commit"=>"Balance"}
  Rendering pages/balancer.html.haml within layouts/application
  Rendered pages/balancer.html.haml within layouts/application (7.0ms)
Completed 200 OK in 3317ms (Views: 631.7ms | ActiveRecord: 0.0ms)


